[0.434s] Invoking command in '/home/thornch/ROS2_Repo/pyqt_realsense': PYTHONPATH=/home/thornch/ROS2_Repo/pyqt_realsense/build/pyqt_realsense/prefix_override:/usr/lib/python3/dist-packages/colcon_core/task/python/colcon_distutils_commands:/home/thornch/ROS2_Repo/pyqt_realsense/install/pyqt_realsense/lib/python3.10/site-packages:${PYTHONPATH} /usr/bin/python3 -W ignore:setup.py install is deprecated -W ignore:easy_install command is deprecated setup.py egg_info --egg-base build/pyqt_realsense build --build-base /home/thornch/ROS2_Repo/pyqt_realsense/build/pyqt_realsense/build install --record /home/thornch/ROS2_Repo/pyqt_realsense/build/pyqt_realsense/install.log --single-version-externally-managed install_data
[0.567s] running egg_info
[0.567s] creating build/pyqt_realsense/pyqt_realsense.egg-info
[0.574s] writing build/pyqt_realsense/pyqt_realsense.egg-info/PKG-INFO
[0.574s] writing dependency_links to build/pyqt_realsense/pyqt_realsense.egg-info/dependency_links.txt
[0.574s] writing entry points to build/pyqt_realsense/pyqt_realsense.egg-info/entry_points.txt
[0.575s] writing requirements to build/pyqt_realsense/pyqt_realsense.egg-info/requires.txt
[0.575s] writing top-level names to build/pyqt_realsense/pyqt_realsense.egg-info/top_level.txt
[0.575s] writing manifest file 'build/pyqt_realsense/pyqt_realsense.egg-info/SOURCES.txt'
[0.590s] reading manifest file 'build/pyqt_realsense/pyqt_realsense.egg-info/SOURCES.txt'
[0.590s] Traceback (most recent call last):
[0.590s]   File "/home/thornch/ROS2_Repo/pyqt_realsense/setup.py", line 5, in <module>
[0.590s]     setup(
[0.590s]   File "/home/thornch/.local/lib/python3.10/site-packages/setuptools/__init__.py", line 111, in setup
[0.590s]     return distutils.core.setup(**attrs)
[0.590s]   File "/home/thornch/.local/lib/python3.10/site-packages/setuptools/_distutils/core.py", line 184, in setup
[0.590s]     return run_commands(dist)
[0.590s]   File "/home/thornch/.local/lib/python3.10/site-packages/setuptools/_distutils/core.py", line 200, in run_commands
[0.590s]     dist.run_commands()
[0.590s]   File "/home/thornch/.local/lib/python3.10/site-packages/setuptools/_distutils/dist.py", line 964, in run_commands
[0.591s]     self.run_command(cmd)
[0.591s]   File "/home/thornch/.local/lib/python3.10/site-packages/setuptools/dist.py", line 948, in run_command
[0.591s]     super().run_command(command)
[0.591s]   File "/home/thornch/.local/lib/python3.10/site-packages/setuptools/_distutils/dist.py", line 983, in run_command
[0.591s]     cmd_obj.run()
[0.591s]   File "/home/thornch/.local/lib/python3.10/site-packages/setuptools/command/egg_info.py", line 311, in run
[0.591s]     self.find_sources()
[0.591s]   File "/home/thornch/.local/lib/python3.10/site-packages/setuptools/command/egg_info.py", line 319, in find_sources
[0.591s]     mm.run()
[0.591s]   File "/home/thornch/.local/lib/python3.10/site-packages/setuptools/command/egg_info.py", line 545, in run
[0.591s]     self.prune_file_list()
[0.591s]   File "/home/thornch/.local/lib/python3.10/site-packages/setuptools/command/egg_info.py", line 611, in prune_file_list
[0.591s]     base_dir = self.distribution.get_fullname()
[0.591s]   File "/home/thornch/.local/lib/python3.10/site-packages/setuptools/_core_metadata.py", line 267, in get_fullname
[0.591s]     return _distribution_fullname(self.get_name(), self.get_version())
[0.591s]   File "/home/thornch/.local/lib/python3.10/site-packages/setuptools/_core_metadata.py", line 285, in _distribution_fullname
[0.591s]     canonicalize_version(version, strip_trailing_zero=False),
[0.591s] TypeError: canonicalize_version() got an unexpected keyword argument 'strip_trailing_zero'
[0.603s] Invoked command in '/home/thornch/ROS2_Repo/pyqt_realsense' returned '1': PYTHONPATH=/home/thornch/ROS2_Repo/pyqt_realsense/build/pyqt_realsense/prefix_override:/usr/lib/python3/dist-packages/colcon_core/task/python/colcon_distutils_commands:/home/thornch/ROS2_Repo/pyqt_realsense/install/pyqt_realsense/lib/python3.10/site-packages:${PYTHONPATH} /usr/bin/python3 -W ignore:setup.py install is deprecated -W ignore:easy_install command is deprecated setup.py egg_info --egg-base build/pyqt_realsense build --build-base /home/thornch/ROS2_Repo/pyqt_realsense/build/pyqt_realsense/build install --record /home/thornch/ROS2_Repo/pyqt_realsense/build/pyqt_realsense/install.log --single-version-externally-managed install_data
