[0.403s] Invoking command in '/home/thornch/ROS2_Repo/pyqt_realsense': PYTHONPATH=/home/thornch/ROS2_Repo/pyqt_realsense/build/pyqt_realsense/prefix_override:/usr/lib/python3/dist-packages/colcon_core/task/python/colcon_distutils_commands:/home/thornch/ROS2_Repo/pyqt_realsense/install/pyqt_realsense/lib/python3.10/site-packages:${PYTHONPATH} /usr/bin/python3 -W ignore:setup.py install is deprecated -W ignore:easy_install command is deprecated setup.py egg_info --egg-base build/pyqt_realsense build --build-base /home/thornch/ROS2_Repo/pyqt_realsense/build/pyqt_realsense/build install --record /home/thornch/ROS2_Repo/pyqt_realsense/build/pyqt_realsense/install.log --single-version-externally-managed install_data
[0.542s] running egg_info
[0.549s] writing build/pyqt_realsense/pyqt_realsense.egg-info/PKG-INFO
[0.550s] writing dependency_links to build/pyqt_realsense/pyqt_realsense.egg-info/dependency_links.txt
[0.550s] writing entry points to build/pyqt_realsense/pyqt_realsense.egg-info/entry_points.txt
[0.550s] writing requirements to build/pyqt_realsense/pyqt_realsense.egg-info/requires.txt
[0.550s] writing top-level names to build/pyqt_realsense/pyqt_realsense.egg-info/top_level.txt
[0.565s] reading manifest file 'build/pyqt_realsense/pyqt_realsense.egg-info/SOURCES.txt'
[0.565s] Traceback (most recent call last):
[0.566s]   File "/home/thornch/ROS2_Repo/pyqt_realsense/setup.py", line 5, in <module>
[0.566s]     setup(
[0.566s]   File "/home/thornch/.local/lib/python3.10/site-packages/setuptools/__init__.py", line 117, in setup
[0.566s]     return distutils.core.setup(**attrs)
[0.566s]   File "/home/thornch/.local/lib/python3.10/site-packages/setuptools/_distutils/core.py", line 183, in setup
[0.566s]     return run_commands(dist)
[0.566s]   File "/home/thornch/.local/lib/python3.10/site-packages/setuptools/_distutils/core.py", line 199, in run_commands
[0.566s]     dist.run_commands()
[0.566s]   File "/home/thornch/.local/lib/python3.10/site-packages/setuptools/_distutils/dist.py", line 954, in run_commands
[0.566s]     self.run_command(cmd)
[0.566s]   File "/home/thornch/.local/lib/python3.10/site-packages/setuptools/dist.py", line 995, in run_command
[0.566s]     super().run_command(command)
[0.566s]   File "/home/thornch/.local/lib/python3.10/site-packages/setuptools/_distutils/dist.py", line 973, in run_command
[0.566s]     cmd_obj.run()
[0.566s]   File "/home/thornch/.local/lib/python3.10/site-packages/setuptools/command/egg_info.py", line 313, in run
[0.566s]     self.find_sources()
[0.566s]   File "/home/thornch/.local/lib/python3.10/site-packages/setuptools/command/egg_info.py", line 321, in find_sources
[0.566s]     mm.run()
[0.566s]   File "/home/thornch/.local/lib/python3.10/site-packages/setuptools/command/egg_info.py", line 549, in run
[0.566s]     self.prune_file_list()
[0.566s]   File "/home/thornch/.local/lib/python3.10/site-packages/setuptools/command/sdist.py", line 162, in prune_file_list
[0.566s]     super().prune_file_list()
[0.566s]   File "/home/thornch/.local/lib/python3.10/site-packages/setuptools/_distutils/command/sdist.py", line 380, in prune_file_list
[0.566s]     base_dir = self.distribution.get_fullname()
[0.566s]   File "/home/thornch/.local/lib/python3.10/site-packages/setuptools/_core_metadata.py", line 267, in get_fullname
[0.566s]     return _distribution_fullname(self.get_name(), self.get_version())
[0.566s]   File "/home/thornch/.local/lib/python3.10/site-packages/setuptools/_core_metadata.py", line 285, in _distribution_fullname
[0.566s]     canonicalize_version(version, strip_trailing_zero=False),
[0.566s] TypeError: canonicalize_version() got an unexpected keyword argument 'strip_trailing_zero'
[0.579s] Invoked command in '/home/thornch/ROS2_Repo/pyqt_realsense' returned '1': PYTHONPATH=/home/thornch/ROS2_Repo/pyqt_realsense/build/pyqt_realsense/prefix_override:/usr/lib/python3/dist-packages/colcon_core/task/python/colcon_distutils_commands:/home/thornch/ROS2_Repo/pyqt_realsense/install/pyqt_realsense/lib/python3.10/site-packages:${PYTHONPATH} /usr/bin/python3 -W ignore:setup.py install is deprecated -W ignore:easy_install command is deprecated setup.py egg_info --egg-base build/pyqt_realsense build --build-base /home/thornch/ROS2_Repo/pyqt_realsense/build/pyqt_realsense/build install --record /home/thornch/ROS2_Repo/pyqt_realsense/build/pyqt_realsense/install.log --single-version-externally-managed install_data
