[0.059s] [34mcolcon[0m [1;30mDEBUG[0m [32mCommand line arguments: ['/usr/bin/colcon', 'build'][0m
[0.059s] [34mcolcon[0m [1;30mDEBUG[0m [32mParsed command line arguments: Namespace(log_base=None, log_level=None, verb_name='build', build_base='build', install_base='install', merge_install=False, symlink_install=False, test_result_base=None, continue_on_error=False, executor='parallel', parallel_workers=24, event_handlers=None, ignore_user_meta=False, metas=['./colcon.meta'], base_paths=['.'], packages_ignore=None, packages_ignore_regex=None, paths=None, packages_up_to=None, packages_up_to_regex=None, packages_above=None, packages_above_and_dependencies=None, packages_above_depth=None, packages_select_by_dep=None, packages_skip_by_dep=None, packages_skip_up_to=None, packages_select_build_failed=False, packages_skip_build_finished=False, packages_select_test_failures=False, packages_skip_test_passed=False, packages_select=None, packages_skip=None, packages_select_regex=None, packages_skip_regex=None, packages_start=None, packages_end=None, allow_overriding=[], cmake_args=None, cmake_target=None, cmake_target_skip_unavailable=False, cmake_clean_cache=False, cmake_clean_first=False, cmake_force_configure=False, ament_cmake_args=None, catkin_cmake_args=None, catkin_skip_building_tests=False, mixin_files=None, mixin=None, verb_parser=<colcon_mixin.mixin.mixin_argument.MixinArgumentDecorator object at 0x7cceaa029fc0>, verb_extension=<colcon_core.verb.build.BuildVerb object at 0x7cceaa0292a0>, main=<bound method BuildVerb.main of <colcon_core.verb.build.BuildVerb object at 0x7cceaa0292a0>>, mixin_verb=('build',))[0m
[0.186s] [34mcolcon.colcon_core.package_discovery[0m [1;30mLevel 1[0m discover_packages(colcon_meta) check parameters
[0.186s] [34mcolcon.colcon_core.package_discovery[0m [1;30mLevel 1[0m discover_packages(recursive) check parameters
[0.186s] [34mcolcon.colcon_core.package_discovery[0m [1;30mLevel 1[0m discover_packages(ignore) check parameters
[0.186s] [34mcolcon.colcon_core.package_discovery[0m [1;30mLevel 1[0m discover_packages(path) check parameters
[0.186s] [34mcolcon.colcon_core.package_discovery[0m [1;30mLevel 1[0m discover_packages(colcon_meta) discover
[0.186s] [34mcolcon.colcon_core.package_discovery[0m [1;30mLevel 1[0m discover_packages(recursive) discover
[0.186s] [34mcolcon.colcon_core.package_discovery[0m [1;30mINFO[0m Crawling recursively for packages in '/home/thornch/ROS2_Repo/pyqt_realsense'
[0.186s] [34mcolcon.colcon_core.package_identification[0m [1;30mLevel 1[0m _identify(.) by extensions ['ignore', 'ignore_ament_install']
[0.186s] [34mcolcon.colcon_core.package_identification[0m [1;30mLevel 1[0m _identify(.) by extension 'ignore'
[0.187s] [34mcolcon.colcon_core.package_identification[0m [1;30mLevel 1[0m _identify(.) by extension 'ignore_ament_install'
[0.187s] [34mcolcon.colcon_core.package_identification[0m [1;30mLevel 1[0m _identify(.) by extensions ['colcon_pkg']
[0.187s] [34mcolcon.colcon_core.package_identification[0m [1;30mLevel 1[0m _identify(.) by extension 'colcon_pkg'
[0.187s] [34mcolcon.colcon_core.package_identification[0m [1;30mLevel 1[0m _identify(.) by extensions ['colcon_meta']
[0.187s] [34mcolcon.colcon_core.package_identification[0m [1;30mLevel 1[0m _identify(.) by extension 'colcon_meta'
[0.187s] [34mcolcon.colcon_core.package_identification[0m [1;30mLevel 1[0m _identify(.) by extensions ['ros']
[0.187s] [34mcolcon.colcon_core.package_identification[0m [1;30mLevel 1[0m _identify(.) by extension 'ros'
[0.196s] [34mcolcon.colcon_core.package_identification[0m [1;30mDEBUG[0m [32mPackage '.' with type 'ros.ament_python' and name 'pyqt_realsense'[0m
[0.196s] [34mcolcon.colcon_core.package_discovery[0m [1;30mLevel 1[0m discover_packages(recursive) using defaults
[0.196s] [34mcolcon.colcon_core.package_discovery[0m [1;30mLevel 1[0m discover_packages(ignore) discover
[0.196s] [34mcolcon.colcon_core.package_discovery[0m [1;30mLevel 1[0m discover_packages(ignore) using defaults
[0.196s] [34mcolcon.colcon_core.package_discovery[0m [1;30mLevel 1[0m discover_packages(path) discover
[0.196s] [34mcolcon.colcon_core.package_discovery[0m [1;30mLevel 1[0m discover_packages(path) using defaults
[0.204s] [34mcolcon.colcon_core.package_discovery[0m [1;30mLevel 1[0m discover_packages(prefix_path) check parameters
[0.204s] [34mcolcon.colcon_core.package_discovery[0m [1;30mLevel 1[0m discover_packages(prefix_path) discover
[0.205s] [34mcolcon.colcon_installed_package_information.package_discovery[0m [1;30mDEBUG[0m [32mFound 1 installed packages in /home/thornch/ROS2_Repo/simple_realsense/install[0m
[0.206s] [34mcolcon.colcon_installed_package_information.package_discovery[0m [1;30mDEBUG[0m [32mFound 352 installed packages in /opt/ros/humble[0m
[0.207s] [34mcolcon.colcon_core.package_discovery[0m [1;30mLevel 1[0m discover_packages(prefix_path) using defaults
[0.227s] [34mcolcon.colcon_core.verb[0m [1;30mLevel 5[0m set package 'pyqt_realsense' build argument 'cmake_args' from command line to 'None'
[0.227s] [34mcolcon.colcon_core.verb[0m [1;30mLevel 5[0m set package 'pyqt_realsense' build argument 'cmake_target' from command line to 'None'
[0.227s] [34mcolcon.colcon_core.verb[0m [1;30mLevel 5[0m set package 'pyqt_realsense' build argument 'cmake_target_skip_unavailable' from command line to 'False'
[0.227s] [34mcolcon.colcon_core.verb[0m [1;30mLevel 5[0m set package 'pyqt_realsense' build argument 'cmake_clean_cache' from command line to 'False'
[0.227s] [34mcolcon.colcon_core.verb[0m [1;30mLevel 5[0m set package 'pyqt_realsense' build argument 'cmake_clean_first' from command line to 'False'
[0.227s] [34mcolcon.colcon_core.verb[0m [1;30mLevel 5[0m set package 'pyqt_realsense' build argument 'cmake_force_configure' from command line to 'False'
[0.227s] [34mcolcon.colcon_core.verb[0m [1;30mLevel 5[0m set package 'pyqt_realsense' build argument 'ament_cmake_args' from command line to 'None'
[0.227s] [34mcolcon.colcon_core.verb[0m [1;30mLevel 5[0m set package 'pyqt_realsense' build argument 'catkin_cmake_args' from command line to 'None'
[0.227s] [34mcolcon.colcon_core.verb[0m [1;30mLevel 5[0m set package 'pyqt_realsense' build argument 'catkin_skip_building_tests' from command line to 'False'
[0.227s] [34mcolcon.colcon_core.verb[0m [1;30mDEBUG[0m [32mBuilding package 'pyqt_realsense' with the following arguments: {'ament_cmake_args': None, 'build_base': '/home/thornch/ROS2_Repo/pyqt_realsense/build/pyqt_realsense', 'catkin_cmake_args': None, 'catkin_skip_building_tests': False, 'cmake_args': None, 'cmake_clean_cache': False, 'cmake_clean_first': False, 'cmake_force_configure': False, 'cmake_target': None, 'cmake_target_skip_unavailable': False, 'install_base': '/home/thornch/ROS2_Repo/pyqt_realsense/install/pyqt_realsense', 'merge_install': False, 'path': '/home/thornch/ROS2_Repo/pyqt_realsense', 'symlink_install': False, 'test_result_base': None}[0m
[0.227s] [34mcolcon.colcon_core.executor[0m [1;30mINFO[0m Executing jobs using 'parallel' executor
[0.228s] [34mcolcon.colcon_parallel_executor.executor.parallel[0m [1;30mDEBUG[0m [32mrun_until_complete[0m
[0.228s] [34mcolcon.colcon_ros.task.ament_python.build[0m [1;30mINFO[0m Building ROS package in '/home/thornch/ROS2_Repo/pyqt_realsense' with build type 'ament_python'
[0.228s] [34mcolcon.colcon_core.shell[0m [1;30mLevel 1[0m create_environment_hook('pyqt_realsense', 'ament_prefix_path')
[0.229s] [34mcolcon.colcon_core.plugin_system[0m [1;30mINFO[0m Skipping extension 'colcon_core.shell.bat': Not used on non-Windows systems
[0.229s] [34mcolcon.colcon_core.shell[0m [1;30mINFO[0m Creating environment hook '/home/thornch/ROS2_Repo/pyqt_realsense/install/pyqt_realsense/share/pyqt_realsense/hook/ament_prefix_path.ps1'
[0.229s] [34mcolcon.colcon_core.shell[0m [1;30mINFO[0m Creating environment descriptor '/home/thornch/ROS2_Repo/pyqt_realsense/install/pyqt_realsense/share/pyqt_realsense/hook/ament_prefix_path.dsv'
[0.230s] [34mcolcon.colcon_core.shell[0m [1;30mINFO[0m Creating environment hook '/home/thornch/ROS2_Repo/pyqt_realsense/install/pyqt_realsense/share/pyqt_realsense/hook/ament_prefix_path.sh'
[0.230s] [34mcolcon.colcon_core.shell[0m [1;30mINFO[0m Skip shell extension 'powershell' for command environment: Not usable outside of PowerShell
[0.230s] [34mcolcon.colcon_core.shell[0m [1;30mDEBUG[0m [32mSkip shell extension 'dsv' for command environment[0m
[0.428s] [34mcolcon.colcon_core.task.python.build[0m [1;30mINFO[0m Building Python package in '/home/thornch/ROS2_Repo/pyqt_realsense'
[0.429s] [34mcolcon.colcon_core.shell[0m [1;30mINFO[0m Skip shell extension 'powershell' for command environment: Not usable outside of PowerShell
[0.429s] [34mcolcon.colcon_core.shell[0m [1;30mDEBUG[0m [32mSkip shell extension 'dsv' for command environment[0m
[0.776s] [34mcolcon.colcon_core.event_handler.log_command[0m [1;30mDEBUG[0m [32mInvoking command in '/home/thornch/ROS2_Repo/pyqt_realsense': PYTHONPATH=/home/thornch/ROS2_Repo/pyqt_realsense/build/pyqt_realsense/prefix_override:/usr/lib/python3/dist-packages/colcon_core/task/python/colcon_distutils_commands:/home/thornch/ROS2_Repo/pyqt_realsense/install/pyqt_realsense/lib/python3.10/site-packages:${PYTHONPATH} /usr/bin/python3 -W ignore:setup.py install is deprecated -W ignore:easy_install command is deprecated setup.py egg_info --egg-base build/pyqt_realsense build --build-base /home/thornch/ROS2_Repo/pyqt_realsense/build/pyqt_realsense/build install --record /home/thornch/ROS2_Repo/pyqt_realsense/build/pyqt_realsense/install.log --single-version-externally-managed install_data[0m
[1.075s] [34mcolcon.colcon_core.event_handler.log_command[0m [1;30mDEBUG[0m [32mInvoked command in '/home/thornch/ROS2_Repo/pyqt_realsense' returned '0': PYTHONPATH=/home/thornch/ROS2_Repo/pyqt_realsense/build/pyqt_realsense/prefix_override:/usr/lib/python3/dist-packages/colcon_core/task/python/colcon_distutils_commands:/home/thornch/ROS2_Repo/pyqt_realsense/install/pyqt_realsense/lib/python3.10/site-packages:${PYTHONPATH} /usr/bin/python3 -W ignore:setup.py install is deprecated -W ignore:easy_install command is deprecated setup.py egg_info --egg-base build/pyqt_realsense build --build-base /home/thornch/ROS2_Repo/pyqt_realsense/build/pyqt_realsense/build install --record /home/thornch/ROS2_Repo/pyqt_realsense/build/pyqt_realsense/install.log --single-version-externally-managed install_data[0m
[1.076s] [34mcolcon.colcon_core.environment[0m [1;30mLevel 1[0m checking '/home/thornch/ROS2_Repo/pyqt_realsense/install/pyqt_realsense' for CMake module files
[1.076s] [34mcolcon.colcon_core.environment[0m [1;30mLevel 1[0m checking '/home/thornch/ROS2_Repo/pyqt_realsense/install/pyqt_realsense' for CMake config files
[1.077s] [34mcolcon.colcon_core.environment[0m [1;30mLevel 1[0m checking '/home/thornch/ROS2_Repo/pyqt_realsense/install/pyqt_realsense/lib'
[1.077s] [34mcolcon.colcon_core.environment[0m [1;30mLevel 1[0m checking '/home/thornch/ROS2_Repo/pyqt_realsense/install/pyqt_realsense/bin'
[1.077s] [34mcolcon.colcon_core.environment[0m [1;30mLevel 1[0m checking '/home/thornch/ROS2_Repo/pyqt_realsense/install/pyqt_realsense/lib/pkgconfig/pyqt_realsense.pc'
[1.077s] [34mcolcon.colcon_core.environment[0m [1;30mLevel 1[0m checking '/home/thornch/ROS2_Repo/pyqt_realsense/install/pyqt_realsense/lib/python3.10/site-packages'
[1.077s] [34mcolcon.colcon_core.shell[0m [1;30mLevel 1[0m create_environment_hook('pyqt_realsense', 'pythonpath')
[1.077s] [34mcolcon.colcon_core.shell[0m [1;30mINFO[0m Creating environment hook '/home/thornch/ROS2_Repo/pyqt_realsense/install/pyqt_realsense/share/pyqt_realsense/hook/pythonpath.ps1'
[1.077s] [34mcolcon.colcon_core.shell[0m [1;30mINFO[0m Creating environment descriptor '/home/thornch/ROS2_Repo/pyqt_realsense/install/pyqt_realsense/share/pyqt_realsense/hook/pythonpath.dsv'
[1.078s] [34mcolcon.colcon_core.shell[0m [1;30mINFO[0m Creating environment hook '/home/thornch/ROS2_Repo/pyqt_realsense/install/pyqt_realsense/share/pyqt_realsense/hook/pythonpath.sh'
[1.078s] [34mcolcon.colcon_core.environment[0m [1;30mLevel 1[0m checking '/home/thornch/ROS2_Repo/pyqt_realsense/install/pyqt_realsense/bin'
[1.078s] [34mcolcon.colcon_core.environment[0m [1;30mLevel 1[0m create_environment_scripts_only(pyqt_realsense)
[1.078s] [34mcolcon.colcon_core.shell[0m [1;30mINFO[0m Creating package script '/home/thornch/ROS2_Repo/pyqt_realsense/install/pyqt_realsense/share/pyqt_realsense/package.ps1'
[1.078s] [34mcolcon.colcon_core.shell[0m [1;30mINFO[0m Creating package descriptor '/home/thornch/ROS2_Repo/pyqt_realsense/install/pyqt_realsense/share/pyqt_realsense/package.dsv'
[1.079s] [34mcolcon.colcon_core.shell[0m [1;30mINFO[0m Creating package script '/home/thornch/ROS2_Repo/pyqt_realsense/install/pyqt_realsense/share/pyqt_realsense/package.sh'
[1.079s] [34mcolcon.colcon_core.shell[0m [1;30mINFO[0m Creating package script '/home/thornch/ROS2_Repo/pyqt_realsense/install/pyqt_realsense/share/pyqt_realsense/package.bash'
[1.079s] [34mcolcon.colcon_core.shell[0m [1;30mINFO[0m Creating package script '/home/thornch/ROS2_Repo/pyqt_realsense/install/pyqt_realsense/share/pyqt_realsense/package.zsh'
[1.080s] [34mcolcon.colcon_core.environment[0m [1;30mLevel 1[0m create_file_with_runtime_dependencies(/home/thornch/ROS2_Repo/pyqt_realsense/install/pyqt_realsense/share/colcon-core/packages/pyqt_realsense)
[1.080s] [34mcolcon.colcon_parallel_executor.executor.parallel[0m [1;30mDEBUG[0m [32mclosing loop[0m
[1.080s] [34mcolcon.colcon_parallel_executor.executor.parallel[0m [1;30mDEBUG[0m [32mloop closed[0m
[1.080s] [34mcolcon.colcon_parallel_executor.executor.parallel[0m [1;30mDEBUG[0m [32mrun_until_complete finished with '0'[0m
[1.080s] [34mcolcon.colcon_core.event_reactor[0m [1;30mDEBUG[0m [32mjoining thread[0m
[1.083s] [34mcolcon.colcon_core.plugin_system[0m [1;30mINFO[0m Skipping extension 'colcon_notification.desktop_notification.terminal_notifier': Not used on non-Darwin systems
[1.083s] [34mcolcon.colcon_core.plugin_system[0m [1;30mINFO[0m Skipping extension 'colcon_notification.desktop_notification.win32': Not used on non-Windows systems
[1.083s] [34mcolcon.colcon_notification.desktop_notification[0m [1;30mINFO[0m Sending desktop notification using 'notify2'
[1.091s] [34mcolcon.colcon_core.event_reactor[0m [1;30mDEBUG[0m [32mjoined thread[0m
[1.091s] [34mcolcon.colcon_core.shell[0m [1;30mINFO[0m Creating prefix script '/home/thornch/ROS2_Repo/pyqt_realsense/install/local_setup.ps1'
[1.091s] [34mcolcon.colcon_core.shell[0m [1;30mINFO[0m Creating prefix util module '/home/thornch/ROS2_Repo/pyqt_realsense/install/_local_setup_util_ps1.py'
[1.092s] [34mcolcon.colcon_core.shell[0m [1;30mINFO[0m Creating prefix chain script '/home/thornch/ROS2_Repo/pyqt_realsense/install/setup.ps1'
[1.093s] [34mcolcon.colcon_core.shell[0m [1;30mINFO[0m Creating prefix script '/home/thornch/ROS2_Repo/pyqt_realsense/install/local_setup.sh'
[1.093s] [34mcolcon.colcon_core.shell[0m [1;30mINFO[0m Creating prefix util module '/home/thornch/ROS2_Repo/pyqt_realsense/install/_local_setup_util_sh.py'
[1.093s] [34mcolcon.colcon_core.shell[0m [1;30mINFO[0m Creating prefix chain script '/home/thornch/ROS2_Repo/pyqt_realsense/install/setup.sh'
[1.094s] [34mcolcon.colcon_core.shell[0m [1;30mINFO[0m Creating prefix script '/home/thornch/ROS2_Repo/pyqt_realsense/install/local_setup.bash'
[1.094s] [34mcolcon.colcon_core.shell[0m [1;30mINFO[0m Creating prefix chain script '/home/thornch/ROS2_Repo/pyqt_realsense/install/setup.bash'
[1.094s] [34mcolcon.colcon_core.shell[0m [1;30mINFO[0m Creating prefix script '/home/thornch/ROS2_Repo/pyqt_realsense/install/local_setup.zsh'
[1.094s] [34mcolcon.colcon_core.shell[0m [1;30mINFO[0m Creating prefix chain script '/home/thornch/ROS2_Repo/pyqt_realsense/install/setup.zsh'
